============================= test session starts ==============================
platform linux -- Python 3.11.15, pytest-9.1.1, pluggy-1.6.0 -- /opt/hostedtoolcache/Python/3.11.15/x64/bin/python
cachedir: .pytest_cache
rootdir: /home/runner/work/fight_night/fight_night
configfile: pyproject.toml
collecting ... collected 17 items

tests/unit/test_ppsspp_harness.py::test_discovers_explicit_or_environment_ppsspp PASSED [  5%]
tests/unit/test_ppsspp_harness.py::test_probe_records_exact_binary_version_help_and_capabilities PASSED [ 11%]
tests/unit/test_ppsspp_harness.py::test_input_trace_is_canonical_and_hash_stable PASSED [ 17%]
tests/unit/test_ppsspp_harness.py::test_input_event_rejects_invalid_values[event0] PASSED [ 23%]
tests/unit/test_ppsspp_harness.py::test_input_event_rejects_invalid_values[event1] PASSED [ 29%]
tests/unit/test_ppsspp_harness.py::test_input_event_rejects_invalid_values[event2] PASSED [ 35%]
tests/unit/test_ppsspp_harness.py::test_input_event_rejects_invalid_values[event3] PASSED [ 41%]
tests/unit/test_ppsspp_harness.py::test_input_event_rejects_invalid_values[event4] PASSED [ 47%]
tests/unit/test_ppsspp_harness.py::test_input_trace_requires_strict_frame_order PASSED [ 52%]
tests/unit/test_ppsspp_harness.py::test_memory_comparison_supports_bytes_halfwords_words_and_floats PASSED [ 58%]
tests/unit/test_ppsspp_harness.py::test_unknown_initial_memory_is_labeled_not_guessed PASSED [ 64%]
tests/unit/test_ppsspp_harness.py::test_breakpoint_journal_serializes_typed_evidence_deterministically PASSED [ 70%]
tests/unit/test_ppsspp_harness.py::test_capture_run_is_transactional_and_verifiable PASSED [ 76%]
tests/unit/test_ppsspp_harness.py::test_capture_rejects_changed_emulator_or_iso_before_launch PASSED [ 82%]
tests/unit/test_ppsspp_harness.py::test_capture_reports_timeout_nonzero_and_missing_artifacts PASSED [ 88%]
tests/unit/test_ppsspp_harness.py::test_capture_output_requires_force_and_bundle_detects_tampering PASSED [ 94%]
tests/unit/test_ppsspp_harness.py::test_capture_artifact_path_must_be_safe PASSED [100%]

============================== 17 passed in 0.69s ==============================
